c:\users\yoondh\documents\visual studio 2017\projects\gomokuproject\gomokuserver\gomokuserver\x64\debug\gomokuserver.pch
c:\users\yoondh\documents\visual studio 2017\projects\gomokuproject\gomokuserver\gomokuserver\x64\debug\vc141.pdb
c:\users\yoondh\documents\visual studio 2017\projects\gomokuproject\gomokuserver\gomokuserver\x64\debug\vc141.idb
c:\users\yoondh\documents\visual studio 2017\projects\gomokuproject\gomokuserver\gomokuserver\x64\debug\gomokuserver.obj
c:\users\yoondh\documents\visual studio 2017\projects\gomokuproject\gomokuserver\gomokuserver\x64\debug\cgameserver.obj
c:\users\yoondh\documents\visual studio 2017\projects\gomokuproject\gomokuserver\gomokuserver\x64\debug\cclient.obj
c:\users\yoondh\documents\visual studio 2017\projects\gomokuproject\gomokuserver\gomokuserver\x64\debug\cmatchingroom.obj
c:\users\yoondh\documents\visual studio 2017\projects\gomokuproject\gomokuserver\gomokuserver\x64\debug\cmatchingroommanager.obj
c:\users\yoondh\documents\visual studio 2017\projects\gomokuproject\gomokuserver\gomokuserver\x64\debug\stdafx.obj
c:\users\yoondh\documents\visual studio 2017\projects\gomokuproject\gomokuserver\x64\debug\gomokuserver.pdb
c:\users\yoondh\documents\visual studio 2017\projects\gomokuproject\gomokuserver\gomokuserver\x64\debug\gomokuserver.tlog\cl.command.1.tlog
c:\users\yoondh\documents\visual studio 2017\projects\gomokuproject\gomokuserver\gomokuserver\x64\debug\gomokuserver.tlog\cl.read.1.tlog
c:\users\yoondh\documents\visual studio 2017\projects\gomokuproject\gomokuserver\gomokuserver\x64\debug\gomokuserver.tlog\cl.write.1.tlog
c:\users\yoondh\documents\visual studio 2017\projects\gomokuproject\gomokuserver\gomokuserver\x64\debug\gomokuserver.tlog\link.304-cvtres.read.1.tlog
c:\users\yoondh\documents\visual studio 2017\projects\gomokuproject\gomokuserver\gomokuserver\x64\debug\gomokuserver.tlog\link.304-cvtres.write.1.tlog
c:\users\yoondh\documents\visual studio 2017\projects\gomokuproject\gomokuserver\gomokuserver\x64\debug\gomokuserver.tlog\link.304-rc.read.1.tlog
c:\users\yoondh\documents\visual studio 2017\projects\gomokuproject\gomokuserver\gomokuserver\x64\debug\gomokuserver.tlog\link.304-rc.write.1.tlog
c:\users\yoondh\documents\visual studio 2017\projects\gomokuproject\gomokuserver\gomokuserver\x64\debug\gomokuserver.tlog\link.304.read.1.tlog
c:\users\yoondh\documents\visual studio 2017\projects\gomokuproject\gomokuserver\gomokuserver\x64\debug\gomokuserver.tlog\link.304.write.1.tlog
c:\users\yoondh\documents\visual studio 2017\projects\gomokuproject\gomokuserver\gomokuserver\x64\debug\gomokuserver.tlog\link.command.1.tlog
c:\users\yoondh\documents\visual studio 2017\projects\gomokuproject\gomokuserver\gomokuserver\x64\debug\gomokuserver.tlog\link.read.1.tlog
c:\users\yoondh\documents\visual studio 2017\projects\gomokuproject\gomokuserver\gomokuserver\x64\debug\gomokuserver.tlog\link.write.1.tlog
